[TIME] ENCODE 0 s
[TIME] WALK 1 s
[TIME] EMBED 0 s
Total nodes: 10312
Total edges: 166991
Generating structural labels.
Total degrees: 429
Total labels: 5845
Avg. structural label length: 36.78
Max. structural label length: 463
[TIME] ENCODE 10 s
Total nodes: 10312
Total edges: 166991
Generating random walks.
[TIME] WALK 16 s
Training model from the random walks in "/walk/BlogCatalog-1-K1.walk".
[TIME] EMBED 4 s
Training model from the random walks in "walk/BlogCatalog-1-K1.walk".
Saved fasttext embedding model in "emb/BlogCatalog-1-K1-D32-E250-C6-M2.emb".
[TIME] EMBED 6809 s
