[TIME] ENCODE 0 s
[TIME] WALK 0 s
[TIME] EMBED 1 s
[TIME] ENCODE 0 s
[TIME] WALK 0 s
[TIME] ENCODE 0 s
[TIME] EMBED 0 s
[TIME] WALK 0 s
[TIME] EMBED 0 s
[TIME] ENCODE 0 s
[TIME] ENCODE 0 s
[TIME] WALK 0 s
[TIME] WALK 0 s
[TIME] EMBED 0 s
[TIME] EMBED 0 s
Total nodes: 18771
Total edges: 198080
Generating structural labels.
Total nodes: 18771
Total edges: 198080
Generating structural labels.
Total degrees: 447
Total labels: 13832
Avg. structural label length: 211.11
Max. structural label length: 895
[TIME] ENCODE 19 s
Total degrees: 447
Total labels: 13832
Avg. structural label length: 211.11
Max. structural label length: 895
[TIME] ENCODE 20 s
Total nodes: 18771
Total edges: 198080
Generating random walks.
Total nodes: 18771
Total edges: 198080
Generating random walks.
[TIME] WALK 13 s
[TIME] WALK 14 s
Training model from the random walks in "/walk/CA-AstroPh-1-K2.walk".
[TIME] EMBED 4 s
Training model from the random walks in "/walk/CA-AstroPh-1-K2.walk".
[TIME] EMBED 4 s
Total nodes: 18771
Total edges: 198080
Generating structural labels.
Total nodes: 18771
Total edges: 198080
Generating structural labels.
Total nodes: 18771
Total edges: 198080
Generating structural labels.
Total degrees: 447
Total labels: 13832
Avg. structural label length: 211.11
Max. structural label length: 895
[TIME] ENCODE 16 s
Total degrees: 447
Total labels: 13832
Avg. structural label length: 211.11
Max. structural label length: 895
[TIME] ENCODE 15 s
Total degrees: 447
Total labels: 13832
Avg. structural label length: 211.11
Max. structural label length: 895
[TIME] ENCODE 16 s
Total nodes: 18771
Total edges: 198080
Generating random walks.
Total nodes: 18771
Total edges: 198080
Generating random walks.
Total nodes: 18771
Total edges: 198080
Generating random walks.
[TIME] WALK 11 s
[TIME] WALK 13 s
[TIME] WALK 12 s
Training model from the random walks in "/walk/CA-AstroPh-1-K2.walk".
[TIME] EMBED 4 s
Training model from the random walks in "/walk/CA-AstroPh-1-K2.walk".
[TIME] EMBED 4 s
Training model from the random walks in "/walk/CA-AstroPh-1-K2.walk".
[TIME] EMBED 5 s
Training model from the random walks in "walk/CA-AstroPh-1-K2.walk".
Saved fasttext embedding model in "emb/CA-AstroPh-1-K2-D32-E250-C6-M2.emb".
[TIME] EMBED 26143 s
Training model from the random walks in "walk/CA-AstroPh-1-K2.walk".
Saved fasttext embedding model in "emb/CA-AstroPh-1-K2-D32-E250-C6-M2.emb".
[TIME] EMBED 13827 s
